Performing C SOURCE FILE Test CMAKE_HAVE_LIBC_PTHREAD failed with the following output:
Change Dir: /home/ubuntu/CMM/a3-yuliangzhong/build/CMakeFiles/CMakeTmp

Run Build Command(s):/usr/bin/make cmTC_823bb/fast && /usr/bin/make  -f CMakeFiles/cmTC_823bb.dir/build.make CMakeFiles/cmTC_823bb.dir/build
make[1]: Entering directory '/home/ubuntu/CMM/a3-yuliangzhong/build/CMakeFiles/CMakeTmp'
Building C object CMakeFiles/cmTC_823bb.dir/src.c.o
/usr/bin/cc   -DCMAKE_HAVE_LIBC_PTHREAD -o CMakeFiles/cmTC_823bb.dir/src.c.o -c /home/ubuntu/CMM/a3-yuliangzhong/build/CMakeFiles/CMakeTmp/src.c
Linking C executable cmTC_823bb
/usr/local/bin/cmake -E cmake_link_script CMakeFiles/cmTC_823bb.dir/link.txt --verbose=1
/usr/bin/cc  -DCMAKE_HAVE_LIBC_PTHREAD -rdynamic CMakeFiles/cmTC_823bb.dir/src.c.o -o cmTC_823bb 
CMakeFiles/cmTC_823bb.dir/src.c.o：在函数‘main’中：
src.c:(.text+0x3c)：对‘pthread_create’未定义的引用
src.c:(.text+0x48)：对‘pthread_detach’未定义的引用
src.c:(.text+0x54)：对‘pthread_cancel’未定义的引用
src.c:(.text+0x65)：对‘pthread_join’未定义的引用
src.c:(.text+0x79)：对‘pthread_atfork’未定义的引用
collect2: error: ld returned 1 exit status
CMakeFiles/cmTC_823bb.dir/build.make:105: recipe for target 'cmTC_823bb' failed
make[1]: *** [cmTC_823bb] Error 1
make[1]: Leaving directory '/home/ubuntu/CMM/a3-yuliangzhong/build/CMakeFiles/CMakeTmp'
Makefile:140: recipe for target 'cmTC_823bb/fast' failed
make: *** [cmTC_823bb/fast] Error 2


Source file was:
#include <pthread.h>

void* test_func(void* data)
{
  return data;
}

int main(void)
{
  pthread_t thread;
  pthread_create(&thread, NULL, test_func, NULL);
  pthread_detach(thread);
  pthread_cancel(thread);
  pthread_join(thread, NULL);
  pthread_atfork(NULL, NULL, NULL);
  pthread_exit(NULL);

  return 0;
}

Determining if the function pthread_create exists in the pthreads failed with the following output:
Change Dir: /home/ubuntu/CMM/a3-yuliangzhong/build/CMakeFiles/CMakeTmp

Run Build Command(s):/usr/bin/make cmTC_e3c7c/fast && /usr/bin/make  -f CMakeFiles/cmTC_e3c7c.dir/build.make CMakeFiles/cmTC_e3c7c.dir/build
make[1]: Entering directory '/home/ubuntu/CMM/a3-yuliangzhong/build/CMakeFiles/CMakeTmp'
Building C object CMakeFiles/cmTC_e3c7c.dir/CheckFunctionExists.c.o
/usr/bin/cc   -DCHECK_FUNCTION_EXISTS=pthread_create -o CMakeFiles/cmTC_e3c7c.dir/CheckFunctionExists.c.o -c /usr/local/share/cmake-3.18/Modules/CheckFunctionExists.c
Linking C executable cmTC_e3c7c
/usr/local/bin/cmake -E cmake_link_script CMakeFiles/cmTC_e3c7c.dir/link.txt --verbose=1
/usr/bin/cc  -DCHECK_FUNCTION_EXISTS=pthread_create -rdynamic CMakeFiles/cmTC_e3c7c.dir/CheckFunctionExists.c.o -o cmTC_e3c7c  -lpthreads 
/usr/bin/ld: 找不到 -lpthreads
collect2: error: ld returned 1 exit status
CMakeFiles/cmTC_e3c7c.dir/build.make:105: recipe for target 'cmTC_e3c7c' failed
make[1]: *** [cmTC_e3c7c] Error 1
make[1]: Leaving directory '/home/ubuntu/CMM/a3-yuliangzhong/build/CMakeFiles/CMakeTmp'
Makefile:140: recipe for target 'cmTC_e3c7c/fast' failed
make: *** [cmTC_e3c7c/fast] Error 2



